2021-06-23 17:41:06 [INFO] 开始计算 (conftest.py:36)
2021-06-23 17:41:06 [INFO] 预期结果  两个正整数相加：1+1=2 (test_case.py:20)
2021-06-23 17:41:06 [INFO] 运行结果  两个正整数相加：1+1=2 (test_case.py:23)
2021-06-23 17:41:06 [INFO] 预期结果  两个较大正整数相加：65535+65535=131070 (test_case.py:20)
2021-06-23 17:41:06 [INFO] 运行结果  两个较大正整数相加：65535+65535=131070 (test_case.py:23)
2021-06-23 17:41:06 [INFO] 预期结果  小数点后9位浮点数相加：1e-09+1e-05=1.00001e-05 (test_case.py:20)
2021-06-23 17:41:06 [INFO] 运行结果  小数点后9位浮点数相加：1e-09+1e-05=1.0001000000000001e-05 (test_case.py:23)
2021-06-23 17:41:06 [INFO] 预期结果  小数点后4位浮点数相加：0.0001+0.0001=0.0002 (test_case.py:20)
2021-06-23 17:41:06 [INFO] 运行结果  小数点后4位浮点数相加：0.0001+0.0001=0.0002 (test_case.py:23)
2021-06-23 17:41:06 [INFO] 预期结果  两个浮点数相加小数位后面位0：100.0+100.0=200.0 (test_case.py:20)
2021-06-23 17:41:06 [INFO] 运行结果  两个浮点数相加小数位后面位0：100.0+100.0=200.0 (test_case.py:23)
2021-06-23 17:41:06 [INFO] 预期结果  1个浮点数1个正整数相加：10000+1e-05=10000.00001 (test_case.py:20)
2021-06-23 17:41:06 [INFO] 运行结果  1个浮点数1个正整数相加：10000+1e-05=10000.00001 (test_case.py:23)
2021-06-23 17:41:06 [INFO] 预期结果  两个负数相加：-100+-100=-200 (test_case.py:20)
2021-06-23 17:41:06 [INFO] 运行结果  两个负数相加：-100+-100=-200 (test_case.py:23)
2021-06-23 17:41:06 [INFO] 预期结果  1负1正数相加：-100+100=0 (test_case.py:20)
2021-06-23 17:41:06 [INFO] 运行结果  1负1正数相加：-100+100=0 (test_case.py:23)
2021-06-23 17:41:06 [INFO] 预期结果  非数值类型输入：aa+你好啊=数据类型不对请重新输入 (test_case.py:20)
2021-06-23 17:41:06 [INFO] 运行结果  非数值类型输入：aa+你好啊=数据类型不对请重新输入 (test_case.py:23)
2021-06-23 17:41:06 [INFO] 预期结果  两个正整数相除，结果为正整数：1/1=1.0 (test_case.py:31)
2021-06-23 17:41:06 [INFO] 运行结果  两个正整数相除，结果为正整数：1/1=1.0 (test_case.py:33)
2021-06-23 17:41:06 [INFO] 预期结果  两个正整数相除，结果为浮点数：1/2=0.5 (test_case.py:31)
2021-06-23 17:41:06 [INFO] 运行结果  两个正整数相除，结果为浮点数：1/2=0.5 (test_case.py:33)
2021-06-23 17:41:06 [INFO] 预期结果  一个正整数，一个浮点数相除结果为浮点数：20/2.0=10.0 (test_case.py:31)
2021-06-23 17:41:06 [INFO] 运行结果  一个正整数，一个浮点数相除结果为浮点数：20/2.0=10.0 (test_case.py:33)
2021-06-23 17:41:06 [INFO] 预期结果  被除数为0，除数为正整数：0/1=0.0 (test_case.py:31)
2021-06-23 17:41:06 [INFO] 运行结果  被除数为0，除数为正整数：0/1=0.0 (test_case.py:33)
2021-06-23 17:41:06 [INFO] 预期结果  被除数为0，除数为浮点数：0/1e-06=0.0 (test_case.py:31)
2021-06-23 17:41:06 [INFO] 运行结果  被除数为0，除数为浮点数：0/1e-06=0.0 (test_case.py:33)
2021-06-23 17:41:06 [INFO] 预期结果  除数为0，被除数正常：0/0=除数不能为0 (test_case.py:31)
2021-06-23 17:41:06 [INFO] 运行结果  除数为0，被除数正常：0/0=除数不能为0 (test_case.py:33)
2021-06-23 17:41:06 [INFO] 预期结果  负整数相除：-100/-100=1.0 (test_case.py:31)
2021-06-23 17:41:06 [INFO] 运行结果  负整数相除：-100/-100=1.0 (test_case.py:33)
2021-06-23 17:41:06 [INFO] 结束计算 (conftest.py:41)
